<?xml version="1.0" encoding="UTF-8"?>
<coverage generated="1691221660799" clover="3.2.0">
  <project timestamp="1691221660799" name="All files">
    <metrics statements="95" coveredstatements="92" conditionals="16" coveredconditionals="16" methods="17" coveredmethods="16" elements="128" coveredelements="124" complexity="0" loc="95" ncloc="95" packages="3" files="3" classes="3"/>
    <package name="src">
      <metrics statements="73" coveredstatements="70" conditionals="11" coveredconditionals="11" methods="13" coveredmethods="12"/>
      <file name="index.ts" path="/Users/dawumnam/Projects/additor-assignment/src/index.ts">
        <metrics statements="73" coveredstatements="70" conditionals="11" coveredconditionals="11" methods="13" coveredmethods="12"/>
        <line num="1" count="1" type="stmt"/>
        <line num="2" count="1" type="stmt"/>
        <line num="3" count="1" type="stmt"/>
        <line num="4" count="1" type="stmt"/>
        <line num="5" count="1" type="stmt"/>
        <line num="7" count="1" type="stmt"/>
        <line num="10" count="1" type="stmt"/>
        <line num="14" count="1" type="stmt"/>
        <line num="28" count="1" type="stmt"/>
        <line num="35" count="3" type="stmt"/>
        <line num="36" count="3" type="stmt"/>
        <line num="37" count="3" type="stmt"/>
        <line num="42" count="0" type="stmt"/>
        <line num="43" count="0" type="stmt"/>
        <line num="44" count="0" type="stmt"/>
        <line num="64" count="1" type="stmt"/>
        <line num="65" count="6" type="stmt"/>
        <line num="68" count="6" type="cond" truecount="3" falsecount="0"/>
        <line num="69" count="3" type="stmt"/>
        <line num="73" count="3" type="stmt"/>
        <line num="76" count="3" type="stmt"/>
        <line num="77" count="3" type="stmt"/>
        <line num="80" count="1" type="stmt"/>
        <line num="81" count="6" type="stmt"/>
        <line num="82" count="6" type="stmt"/>
        <line num="83" count="6" type="stmt"/>
        <line num="84" count="6" type="stmt"/>
        <line num="87" count="1" type="stmt"/>
        <line num="88" count="1" type="stmt"/>
        <line num="91" count="1" type="stmt"/>
        <line num="92" count="1" type="stmt"/>
        <line num="100" count="1" type="stmt"/>
        <line num="103" count="22" type="cond" truecount="2" falsecount="0"/>
        <line num="106" count="1" type="stmt"/>
        <line num="107" count="22" type="cond" truecount="2" falsecount="0"/>
        <line num="115" count="1" type="stmt"/>
        <line num="119" count="15" type="stmt"/>
        <line num="120" count="15" type="stmt"/>
        <line num="121" count="15" type="stmt"/>
        <line num="123" count="15" type="stmt"/>
        <line num="129" count="1" type="stmt"/>
        <line num="136" count="7" type="stmt"/>
        <line num="137" count="7" type="stmt"/>
        <line num="139" count="7" type="stmt"/>
        <line num="140" count="8" type="stmt"/>
        <line num="141" count="8" type="stmt"/>
        <line num="142" count="8" type="stmt"/>
        <line num="145" count="7" type="stmt"/>
        <line num="146" count="7" type="stmt"/>
        <line num="147" count="7" type="stmt"/>
        <line num="148" count="7" type="stmt"/>
        <line num="150" count="7" type="stmt"/>
        <line num="151" count="7" type="stmt"/>
        <line num="154" count="1" type="stmt"/>
        <line num="159" count="22" type="stmt"/>
        <line num="161" count="22" type="cond" truecount="1" falsecount="0"/>
        <line num="162" count="17" type="stmt"/>
        <line num="165" count="22" type="cond" truecount="1" falsecount="0"/>
        <line num="166" count="5" type="stmt"/>
        <line num="169" count="22" type="stmt"/>
        <line num="172" count="1" type="stmt"/>
        <line num="175" count="22" type="stmt"/>
        <line num="177" count="22" type="stmt"/>
        <line num="179" count="22" type="stmt"/>
        <line num="181" count="22" type="cond" truecount="2" falsecount="0"/>
        <line num="182" count="15" type="stmt"/>
        <line num="184" count="7" type="stmt"/>
        <line num="193" count="22" type="stmt"/>
        <line num="194" count="22" type="stmt"/>
        <line num="195" count="22" type="stmt"/>
        <line num="197" count="22" type="stmt"/>
        <line num="203" count="1" type="stmt"/>
        <line num="204" count="1" type="stmt"/>
      </file>
    </package>
    <package name="src.middleware">
      <metrics statements="11" coveredstatements="11" conditionals="4" coveredconditionals="4" methods="2" coveredmethods="2"/>
      <file name="auth.ts" path="/Users/dawumnam/Projects/additor-assignment/src/middleware/auth.ts">
        <metrics statements="11" coveredstatements="11" conditionals="4" coveredconditionals="4" methods="2" coveredmethods="2"/>
        <line num="2" count="1" type="stmt"/>
        <line num="5" count="1" type="stmt"/>
        <line num="7" count="1" type="stmt"/>
        <line num="8" count="33" type="stmt"/>
        <line num="9" count="33" type="cond" truecount="2" falsecount="0"/>
        <line num="11" count="33" type="cond" truecount="1" falsecount="0"/>
        <line num="12" count="2" type="stmt"/>
        <line num="15" count="31" type="stmt"/>
        <line num="16" count="31" type="cond" truecount="1" falsecount="0"/>
        <line num="17" count="2" type="stmt"/>
        <line num="19" count="29" type="stmt"/>
      </file>
    </package>
    <package name="src.util">
      <metrics statements="11" coveredstatements="11" conditionals="1" coveredconditionals="1" methods="2" coveredmethods="2"/>
      <file name="util.ts" path="/Users/dawumnam/Projects/additor-assignment/src/util/util.ts">
        <metrics statements="11" coveredstatements="11" conditionals="1" coveredconditionals="1" methods="2" coveredmethods="2"/>
        <line num="1" count="1" type="stmt"/>
        <line num="3" count="1" type="stmt"/>
        <line num="4" count="22" type="stmt"/>
        <line num="5" count="22" type="stmt"/>
        <line num="6" count="22" type="stmt"/>
        <line num="7" count="22" type="stmt"/>
        <line num="8" count="22" type="cond" truecount="1" falsecount="0"/>
        <line num="9" count="22" type="stmt"/>
        <line num="12" count="22" type="stmt"/>
        <line num="14" count="1" type="stmt"/>
        <line num="15" count="22" type="stmt"/>
      </file>
    </package>
  </project>
</coverage>
