{"/Users/dawumnam/Projects/additor-assignment/src/index.ts": {"path":"/Users/dawumnam/Projects/additor-assignment/src/index.ts","statementMap":{"0":{"start":{"line":1,"column":0},"end":{"line":1,"column":30}},"1":{"start":{"line":2,"column":0},"end":{"line":2,"column":32}},"2":{"start":{"line":3,"column":0},"end":{"line":3,"column":31}},"3":{"start":{"line":4,"column":0},"end":{"line":4,"column":54}},"4":{"start":{"line":5,"column":0},"end":{"line":5,"column":77}},"5":{"start":{"line":7,"column":13},"end":{"line":7,"column":29}},"6":{"start":{"line":10,"column":0},"end":{"line":10,"column":24}},"7":{"start":{"line":14,"column":19},"end":{"line":14,"column":27}},"8":{"start":{"line":28,"column":23},"end":{"line":32,"column":2}},"9":{"start":{"line":35,"column":21},"end":{"line":35,"column":34}},"10":{"start":{"line":35,"column":43},"end":{"line":35,"column":55}},"11":{"start":{"line":36,"column":4},"end":{"line":36,"column":23}},"12":{"start":{"line":37,"column":4},"end":{"line":37,"column":21}},"13":{"start":{"line":42,"column":21},"end":{"line":42,"column":36}},"14":{"start":{"line":42,"column":45},"end":{"line":42,"column":60}},"15":{"start":{"line":43,"column":4},"end":{"line":43,"column":27}},"16":{"start":{"line":44,"column":4},"end":{"line":44,"column":27}},"17":{"start":{"line":64,"column":0},"end":{"line":78,"column":3}},"18":{"start":{"line":65,"column":26},"end":{"line":65,"column":49}},"19":{"start":{"line":68,"column":2},"end":{"line":70,"column":null}},"20":{"start":{"line":69,"column":4},"end":{"line":69,"column":75}},"21":{"start":{"line":73,"column":2},"end":{"line":73,"column":47}},"22":{"start":{"line":76,"column":16},"end":{"line":76,"column":68}},"23":{"start":{"line":77,"column":2},"end":{"line":77,"column":42}},"24":{"start":{"line":80,"column":0},"end":{"line":85,"column":3}},"25":{"start":{"line":81,"column":2},"end":{"line":81,"column":27}},"26":{"start":{"line":82,"column":2},"end":{"line":82,"column":26}},"27":{"start":{"line":83,"column":2},"end":{"line":83,"column":23}},"28":{"start":{"line":84,"column":2},"end":{"line":84,"column":40}},"29":{"start":{"line":87,"column":0},"end":{"line":89,"column":3}},"30":{"start":{"line":88,"column":2},"end":{"line":88,"column":28}},"31":{"start":{"line":91,"column":0},"end":{"line":93,"column":3}},"32":{"start":{"line":92,"column":2},"end":{"line":92,"column":24}},"33":{"start":{"line":100,"column":25},"end":{"line":104,"column":1}},"34":{"start":{"line":103,"column":2},"end":{"line":103,"column":61}},"35":{"start":{"line":106,"column":20},"end":{"line":108,"column":1}},"36":{"start":{"line":107,"column":2},"end":{"line":107,"column":58}},"37":{"start":{"line":115,"column":36},"end":{"line":127,"column":1}},"38":{"start":{"line":119,"column":22},"end":{"line":119,"column":51}},"39":{"start":{"line":120,"column":24},"end":{"line":120,"column":59}},"40":{"start":{"line":121,"column":19},"end":{"line":121,"column":47}},"41":{"start":{"line":123,"column":2},"end":{"line":126,"column":4}},"42":{"start":{"line":129,"column":38},"end":{"line":152,"column":1}},"43":{"start":{"line":136,"column":18},"end":{"line":136,"column":29}},"44":{"start":{"line":137,"column":2},"end":{"line":137,"column":43}},"45":{"start":{"line":139,"column":2},"end":{"line":143,"column":null}},"46":{"start":{"line":139,"column":15},"end":{"line":139,"column":32}},"47":{"start":{"line":140,"column":19},"end":{"line":140,"column":29}},"48":{"start":{"line":141,"column":24},"end":{"line":141,"column":53}},"49":{"start":{"line":142,"column":4},"end":{"line":142,"column":47}},"50":{"start":{"line":145,"column":15},"end":{"line":145,"column":45}},"51":{"start":{"line":146,"column":20},"end":{"line":146,"column":48}},"52":{"start":{"line":147,"column":22},"end":{"line":147,"column":55}},"53":{"start":{"line":148,"column":24},"end":{"line":148,"column":59}},"54":{"start":{"line":150,"column":19},"end":{"line":150,"column":74}},"55":{"start":{"line":151,"column":2},"end":{"line":151,"column":61}},"56":{"start":{"line":154,"column":20},"end":{"line":170,"column":1}},"57":{"start":{"line":159,"column":16},"end":{"line":159,"column":27}},"58":{"start":{"line":161,"column":2},"end":{"line":163,"column":null}},"59":{"start":{"line":162,"column":4},"end":{"line":162,"column":42}},"60":{"start":{"line":165,"column":2},"end":{"line":167,"column":null}},"61":{"start":{"line":166,"column":4},"end":{"line":166,"column":47}},"62":{"start":{"line":169,"column":2},"end":{"line":169,"column":15}},"63":{"start":{"line":172,"column":0},"end":{"line":201,"column":3}},"64":{"start":{"line":175,"column":56},"end":{"line":175,"column":77}},"65":{"start":{"line":177,"column":16},"end":{"line":177,"column":61}},"66":{"start":{"line":179,"column":25},"end":{"line":179,"column":68}},"67":{"start":{"line":181,"column":2},"end":{"line":191,"column":null}},"68":{"start":{"line":182,"column":4},"end":{"line":182,"column":66}},"69":{"start":{"line":184,"column":4},"end":{"line":190,"column":6}},"70":{"start":{"line":193,"column":2},"end":{"line":193,"column":80}},"71":{"start":{"line":194,"column":2},"end":{"line":194,"column":27}},"72":{"start":{"line":195,"column":2},"end":{"line":195,"column":41}},"73":{"start":{"line":197,"column":2},"end":{"line":200,"column":5}},"74":{"start":{"line":203,"column":0},"end":{"line":205,"column":3}},"75":{"start":{"line":204,"column":2},"end":{"line":204,"column":45}}},"fnMap":{"0":{"name":"(anonymous_1)","decl":{"start":{"line":35,"column":2},"end":{"line":35,"column":21}},"loc":{"start":{"line":35,"column":55},"end":{"line":38,"column":3}}},"1":{"name":"(anonymous_2)","decl":{"start":{"line":42,"column":2},"end":{"line":42,"column":21}},"loc":{"start":{"line":42,"column":60},"end":{"line":45,"column":3}}},"2":{"name":"(anonymous_3)","decl":{"start":{"line":64,"column":22},"end":{"line":64,"column":23}},"loc":{"start":{"line":64,"column":35},"end":{"line":78,"column":1}}},"3":{"name":"(anonymous_4)","decl":{"start":{"line":80,"column":38},"end":{"line":80,"column":39}},"loc":{"start":{"line":80,"column":51},"end":{"line":85,"column":1}}},"4":{"name":"(anonymous_5)","decl":{"start":{"line":87,"column":13},"end":{"line":87,"column":14}},"loc":{"start":{"line":87,"column":26},"end":{"line":89,"column":1}}},"5":{"name":"(anonymous_6)","decl":{"start":{"line":91,"column":35},"end":{"line":91,"column":36}},"loc":{"start":{"line":91,"column":48},"end":{"line":93,"column":1}}},"6":{"name":"(anonymous_7)","decl":{"start":{"line":100,"column":25},"end":{"line":100,"column":null}},"loc":{"start":{"line":102,"column":30},"end":{"line":104,"column":1}}},"7":{"name":"(anonymous_8)","decl":{"start":{"line":106,"column":20},"end":{"line":106,"column":21}},"loc":{"start":{"line":106,"column":75},"end":{"line":108,"column":1}}},"8":{"name":"(anonymous_9)","decl":{"start":{"line":115,"column":36},"end":{"line":115,"column":null}},"loc":{"start":{"line":118,"column":21},"end":{"line":127,"column":1}}},"9":{"name":"(anonymous_10)","decl":{"start":{"line":129,"column":38},"end":{"line":129,"column":null}},"loc":{"start":{"line":135,"column":21},"end":{"line":152,"column":1}}},"10":{"name":"(anonymous_11)","decl":{"start":{"line":154,"column":20},"end":{"line":154,"column":null}},"loc":{"start":{"line":158,"column":11},"end":{"line":170,"column":1}}},"11":{"name":"(anonymous_12)","decl":{"start":{"line":172,"column":39},"end":{"line":172,"column":40}},"loc":{"start":{"line":172,"column":52},"end":{"line":201,"column":1}}},"12":{"name":"(anonymous_13)","decl":{"start":{"line":203,"column":17},"end":{"line":203,"column":20}},"loc":{"start":{"line":203,"column":22},"end":{"line":205,"column":1}}}},"branchMap":{"0":{"loc":{"start":{"line":68,"column":2},"end":{"line":70,"column":null}},"type":"if","locations":[{"start":{"line":68,"column":2},"end":{"line":70,"column":null}}]},"1":{"loc":{"start":{"line":68,"column":6},"end":{"line":68,"column":21}},"type":"binary-expr","locations":[{"start":{"line":68,"column":6},"end":{"line":68,"column":12}},{"start":{"line":68,"column":16},"end":{"line":68,"column":21}}]},"2":{"loc":{"start":{"line":103,"column":9},"end":{"line":103,"column":60}},"type":"binary-expr","locations":[{"start":{"line":103,"column":9},"end":{"line":103,"column":37}},{"start":{"line":103,"column":41},"end":{"line":103,"column":60}}]},"3":{"loc":{"start":{"line":107,"column":9},"end":{"line":107,"column":57}},"type":"binary-expr","locations":[{"start":{"line":107,"column":9},"end":{"line":107,"column":32}},{"start":{"line":107,"column":36},"end":{"line":107,"column":57}}]},"4":{"loc":{"start":{"line":161,"column":2},"end":{"line":163,"column":null}},"type":"if","locations":[{"start":{"line":161,"column":2},"end":{"line":163,"column":null}}]},"5":{"loc":{"start":{"line":165,"column":2},"end":{"line":167,"column":null}},"type":"if","locations":[{"start":{"line":165,"column":2},"end":{"line":167,"column":null}}]},"6":{"loc":{"start":{"line":181,"column":2},"end":{"line":191,"column":null}},"type":"if","locations":[{"start":{"line":181,"column":2},"end":{"line":191,"column":null}},{"start":{"line":183,"column":9},"end":{"line":191,"column":null}}]}},"s":{"0":1,"1":1,"2":1,"3":1,"4":1,"5":1,"6":1,"7":1,"8":1,"9":3,"10":3,"11":3,"12":3,"13":0,"14":0,"15":0,"16":0,"17":1,"18":6,"19":6,"20":3,"21":3,"22":3,"23":3,"24":1,"25":6,"26":6,"27":6,"28":6,"29":1,"30":1,"31":1,"32":1,"33":1,"34":22,"35":1,"36":22,"37":1,"38":15,"39":15,"40":15,"41":15,"42":1,"43":7,"44":7,"45":7,"46":7,"47":8,"48":8,"49":8,"50":7,"51":7,"52":7,"53":7,"54":7,"55":7,"56":1,"57":22,"58":22,"59":17,"60":22,"61":5,"62":22,"63":1,"64":22,"65":22,"66":22,"67":22,"68":15,"69":7,"70":22,"71":22,"72":22,"73":22,"74":1,"75":1},"f":{"0":3,"1":0,"2":6,"3":6,"4":1,"5":1,"6":22,"7":22,"8":15,"9":7,"10":22,"11":22,"12":1},"b":{"0":[3],"1":[6,4],"2":[22,5],"3":[22,17],"4":[17],"5":[5],"6":[15,7]}}
,"/Users/dawumnam/Projects/additor-assignment/src/middleware/auth.ts": {"path":"/Users/dawumnam/Projects/additor-assignment/src/middleware/auth.ts","statementMap":{"0":{"start":{"line":2,"column":0},"end":{"line":2,"column":31}},"1":{"start":{"line":5,"column":19},"end":{"line":5,"column":27}},"2":{"start":{"line":7,"column":49},"end":{"line":21,"column":1}},"3":{"start":{"line":8,"column":21},"end":{"line":8,"column":49}},"4":{"start":{"line":9,"column":16},"end":{"line":9,"column":54}},"5":{"start":{"line":11,"column":2},"end":{"line":13,"column":null}},"6":{"start":{"line":12,"column":4},"end":{"line":12,"column":61}},"7":{"start":{"line":15,"column":2},"end":{"line":20,"column":5}},"8":{"start":{"line":16,"column":4},"end":{"line":18,"column":null}},"9":{"start":{"line":17,"column":6},"end":{"line":17,"column":63}},"10":{"start":{"line":19,"column":4},"end":{"line":19,"column":11}},"11":{"start":{"line":7,"column":13},"end":{"line":7,"column":49}}},"fnMap":{"0":{"name":"(anonymous_1)","decl":{"start":{"line":7,"column":49},"end":{"line":7,"column":50}},"loc":{"start":{"line":7,"column":68},"end":{"line":21,"column":1}}},"1":{"name":"(anonymous_2)","decl":{"start":{"line":15,"column":32},"end":{"line":15,"column":33}},"loc":{"start":{"line":15,"column":46},"end":{"line":20,"column":3}}}},"branchMap":{"0":{"loc":{"start":{"line":9,"column":16},"end":{"line":9,"column":54}},"type":"binary-expr","locations":[{"start":{"line":9,"column":16},"end":{"line":9,"column":26}},{"start":{"line":9,"column":30},"end":{"line":9,"column":54}}]},"1":{"loc":{"start":{"line":11,"column":2},"end":{"line":13,"column":null}},"type":"if","locations":[{"start":{"line":11,"column":2},"end":{"line":13,"column":null}}]},"2":{"loc":{"start":{"line":16,"column":4},"end":{"line":18,"column":null}},"type":"if","locations":[{"start":{"line":16,"column":4},"end":{"line":18,"column":null}}]}},"s":{"0":1,"1":1,"2":1,"3":33,"4":33,"5":33,"6":2,"7":31,"8":31,"9":2,"10":29,"11":1},"f":{"0":33,"1":31},"b":{"0":[33,31],"1":[2],"2":[2]}}
,"/Users/dawumnam/Projects/additor-assignment/src/util/util.ts": {"path":"/Users/dawumnam/Projects/additor-assignment/src/util/util.ts","statementMap":{"0":{"start":{"line":1,"column":0},"end":{"line":1,"column":32}},"1":{"start":{"line":3,"column":38},"end":{"line":13,"column":1}},"2":{"start":{"line":4,"column":14},"end":{"line":4,"column":23}},"3":{"start":{"line":5,"column":12},"end":{"line":5,"column":14}},"4":{"start":{"line":6,"column":2},"end":{"line":11,"column":null}},"5":{"start":{"line":6,"column":15},"end":{"line":6,"column":16}},"6":{"start":{"line":7,"column":15},"end":{"line":7,"column":21}},"7":{"start":{"line":8,"column":4},"end":{"line":10,"column":null}},"8":{"start":{"line":9,"column":6},"end":{"line":9,"column":23}},"9":{"start":{"line":12,"column":2},"end":{"line":12,"column":13}},"10":{"start":{"line":3,"column":13},"end":{"line":3,"column":38}},"11":{"start":{"line":14,"column":38},"end":{"line":16,"column":1}},"12":{"start":{"line":15,"column":2},"end":{"line":15,"column":33}},"13":{"start":{"line":14,"column":13},"end":{"line":14,"column":38}}},"fnMap":{"0":{"name":"(anonymous_1)","decl":{"start":{"line":3,"column":38},"end":{"line":3,"column":39}},"loc":{"start":{"line":3,"column":63},"end":{"line":13,"column":1}}},"1":{"name":"(anonymous_2)","decl":{"start":{"line":14,"column":38},"end":{"line":14,"column":39}},"loc":{"start":{"line":14,"column":61},"end":{"line":16,"column":1}}}},"branchMap":{"0":{"loc":{"start":{"line":8,"column":4},"end":{"line":10,"column":null}},"type":"if","locations":[{"start":{"line":8,"column":4},"end":{"line":10,"column":null}}]}},"s":{"0":1,"1":1,"2":22,"3":22,"4":22,"5":22,"6":22,"7":22,"8":22,"9":22,"10":1,"11":1,"12":22,"13":1},"f":{"0":22,"1":22},"b":{"0":[22]}}
}
