TN:
SF:src/index.ts
FN:35,(anonymous_1)
FN:42,(anonymous_2)
FN:64,(anonymous_3)
FN:80,(anonymous_4)
FN:87,(anonymous_5)
FN:91,(anonymous_6)
FN:100,(anonymous_7)
FN:106,(anonymous_8)
FN:115,(anonymous_9)
FN:129,(anonymous_10)
FN:154,(anonymous_11)
FN:172,(anonymous_12)
FN:203,(anonymous_13)
FNF:13
FNH:12
FNDA:3,(anonymous_1)
FNDA:0,(anonymous_2)
FNDA:6,(anonymous_3)
FNDA:6,(anonymous_4)
FNDA:1,(anonymous_5)
FNDA:1,(anonymous_6)
FNDA:22,(anonymous_7)
FNDA:22,(anonymous_8)
FNDA:15,(anonymous_9)
FNDA:7,(anonymous_10)
FNDA:22,(anonymous_11)
FNDA:22,(anonymous_12)
FNDA:1,(anonymous_13)
DA:1,1
DA:2,1
DA:3,1
DA:4,1
DA:5,1
DA:7,1
DA:10,1
DA:14,1
DA:28,1
DA:35,3
DA:36,3
DA:37,3
DA:42,0
DA:43,0
DA:44,0
DA:64,1
DA:65,6
DA:68,6
DA:69,3
DA:73,3
DA:76,3
DA:77,3
DA:80,1
DA:81,6
DA:82,6
DA:83,6
DA:84,6
DA:87,1
DA:88,1
DA:91,1
DA:92,1
DA:100,1
DA:103,22
DA:106,1
DA:107,22
DA:115,1
DA:119,15
DA:120,15
DA:121,15
DA:123,15
DA:129,1
DA:136,7
DA:137,7
DA:139,7
DA:140,8
DA:141,8
DA:142,8
DA:145,7
DA:146,7
DA:147,7
DA:148,7
DA:150,7
DA:151,7
DA:154,1
DA:159,22
DA:161,22
DA:162,17
DA:165,22
DA:166,5
DA:169,22
DA:172,1
DA:175,22
DA:177,22
DA:179,22
DA:181,22
DA:182,15
DA:184,7
DA:193,22
DA:194,22
DA:195,22
DA:197,22
DA:203,1
DA:204,1
LF:73
LH:70
BRDA:68,0,0,3
BRDA:68,1,0,6
BRDA:68,1,1,4
BRDA:103,2,0,22
BRDA:103,2,1,5
BRDA:107,3,0,22
BRDA:107,3,1,17
BRDA:161,4,0,17
BRDA:165,5,0,5
BRDA:181,6,0,15
BRDA:181,6,1,7
BRF:11
BRH:11
end_of_record
TN:
SF:src/middleware/auth.ts
FN:7,(anonymous_1)
FN:15,(anonymous_2)
FNF:2
FNH:2
FNDA:33,(anonymous_1)
FNDA:31,(anonymous_2)
DA:2,1
DA:5,1
DA:7,1
DA:8,33
DA:9,33
DA:11,33
DA:12,2
DA:15,31
DA:16,31
DA:17,2
DA:19,29
LF:11
LH:11
BRDA:9,0,0,33
BRDA:9,0,1,31
BRDA:11,1,0,2
BRDA:16,2,0,2
BRF:4
BRH:4
end_of_record
TN:
SF:src/util/util.ts
FN:3,(anonymous_1)
FN:14,(anonymous_2)
FNF:2
FNH:2
FNDA:22,(anonymous_1)
FNDA:22,(anonymous_2)
DA:1,1
DA:3,1
DA:4,22
DA:5,22
DA:6,22
DA:7,22
DA:8,22
DA:9,22
DA:12,22
DA:14,1
DA:15,22
LF:11
LH:11
BRDA:8,0,0,22
BRF:1
BRH:1
end_of_record
